IP Upgrade report for C5G_ChipControl
Thu Mar 03 13:51:36 2016
Quartus II 64-Bit Version 13.0.0 Build 156 04/24/2013 SJ Web Edition


---------------------
; Table of Contents ;
---------------------
  1. Legal Notice
  2. IP Upgrade Summary
  3. Failed Upgrade IP Components
  4. IP Upgrade Messages



----------------
; Legal Notice ;
----------------
Copyright (C) 1991-2013 Altera Corporation
Your use of Altera Corporation's design tools, logic functions 
and other software and tools, and its AMPP partner logic 
functions, and any output files from any of the foregoing 
(including device programming or simulation files), and any 
associated documentation or information are expressly subject 
to the terms and conditions of the Altera Program License 
Subscription Agreement, Altera MegaCore Function License 
Agreement, or other applicable license agreement, including, 
without limitation, that your use is for the sole purpose of 
programming logic devices manufactured by Altera and sold by 
Altera or its authorized distributors.  Please refer to the 
applicable agreement for further details.



+---------------------------------------------------------------------------+
; IP Upgrade Summary                                                        ;
+------------------------------+--------------------------------------------+
; IP Components Upgrade Status ; Failed - Thu Mar 03 13:51:36 2016          ;
; Quartus II 64-Bit Version    ; 13.0.0 Build 156 04/24/2013 SJ Web Edition ;
; Revision Name                ; C5G_ChipControl                            ;
; Top-level Entity Name        ; C5G_ChipControl                            ;
; Family                       ; Cyclone V                                  ;
+------------------------------+--------------------------------------------+


+---------------------------------------------------------------------------------------+
; Failed Upgrade IP Components                                                          ;
+--------------+---------------------+---------+------------------+---------------------+
; Entity       ; IP Components Name  ; Version ; QIP File Path    ; Variation File Path ;
+--------------+---------------------+---------+------------------+---------------------+
; pll_reconfig ; altera_pll_reconfig ; 13.1    ; pll_reconfig.qip ; pll_reconfig.v      ;
+--------------+---------------------+---------+------------------+---------------------+


+---------------------+
; IP Upgrade Messages ;
+---------------------+
Info (11837): Started upgrading IP component altera_pll_reconfig with file "pll_reconfig.v"
Info (11902): Backing up file "pll_reconfig.v" to "pll_reconfig_BAK.v"
Info (11904): Restoring file "pll_reconfig_BAK.v" to "pll_reconfig.v"
Error (11133): IP component altera_pll_reconfig with file "pll_reconfig.v" upgrade failed
Error (11889): IP component upgrade failed
Error (23031): Evaluation of Tcl script c:/software/quartus13.0/quartus/common/tcl/internal/ip_regen/ip_regen.tcl unsuccessful
Error: Quartus II 64-Bit Shell was unsuccessful. 3 errors, 0 warnings
    Error: Peak virtual memory: 280 megabytes
    Error: Processing ended: Thu Mar 03 13:51:36 2016
    Error: Elapsed time: 00:00:01
    Error: Total CPU time (on all processors): 00:00:00


