Flow report for C5G_ChipControl
Mon Jun 12 16:42:07 2017
Quartus II 64-Bit Version 13.0.0 Build 156 04/24/2013 SJ Web Edition


---------------------
; Table of Contents ;
---------------------
  1. Legal Notice
  2. Flow Summary
  3. Flow Settings
  4. Flow Non-Default Global Settings
  5. Flow Elapsed Time
  6. Flow OS Summary
  7. Flow Log
  8. Flow Messages
  9. Flow Suppressed Messages



----------------
; Legal Notice ;
----------------
Copyright (C) 1991-2013 Altera Corporation
Your use of Altera Corporation's design tools, logic functions 
and other software and tools, and its AMPP partner logic 
functions, and any output files from any of the foregoing 
(including device programming or simulation files), and any 
associated documentation or information are expressly subject 
to the terms and conditions of the Altera Program License 
Subscription Agreement, Altera MegaCore Function License 
Agreement, or other applicable license agreement, including, 
without limitation, that your use is for the sole purpose of 
programming logic devices manufactured by Altera and sold by 
Altera or its authorized distributors.  Please refer to the 
applicable agreement for further details.



+----------------------------------------------------------------------------------+
; Flow Summary                                                                     ;
+-------------------------------------+--------------------------------------------+
; Flow Status                         ; Successful - Mon Jun 12 16:41:39 2017      ;
; Quartus II 64-Bit Version           ; 13.0.0 Build 156 04/24/2013 SJ Web Edition ;
; Revision Name                       ; C5G_ChipControl                            ;
; Top-level Entity Name               ; C5G_ChipControl                            ;
; Family                              ; Cyclone V                                  ;
; Device                              ; 5CGXFC5C6F27C7                             ;
; Timing Models                       ; Preliminary                                ;
; Logic utilization (in ALMs)         ; 1,568 / 29,080 ( 5 % )                     ;
; Total registers                     ; 1854                                       ;
; Total pins                          ; 183 / 364 ( 50 % )                         ;
; Total virtual pins                  ; 0                                          ;
; Total block memory bits             ; 0 / 4,567,040 ( 0 % )                      ;
; Total DSP Blocks                    ; 1 / 150 ( < 1 % )                          ;
; Total HSSI RX PCSs                  ; 0 / 6 ( 0 % )                              ;
; Total HSSI PMA RX Deserializers     ; 0 / 6 ( 0 % )                              ;
; Total HSSI PMA RX ATT Deserializers ; 0                                          ;
; Total HSSI TX PCSs                  ; 0 / 6 ( 0 % )                              ;
; Total HSSI PMA TX Serializers       ; 0 / 6 ( 0 % )                              ;
; Total HSSI PMA TX ATT Serializers   ; 0 / 6 ( 0 % )                              ;
; Total PLLs                          ; 1 / 12 ( 8 % )                             ;
; Total DLLs                          ; 0 / 4 ( 0 % )                              ;
+-------------------------------------+--------------------------------------------+


+-----------------------------------------+
; Flow Settings                           ;
+-------------------+---------------------+
; Option            ; Setting             ;
+-------------------+---------------------+
; Start date & time ; 06/12/2017 16:39:25 ;
; Main task         ; Compilation         ;
; Revision Name     ; C5G_ChipControl     ;
+-------------------+---------------------+


+------------------------------------------------------------------------------------------------------------------------------------+
; Flow Non-Default Global Settings                                                                                                   ;
+-------------------------------------+---------------------------------------+---------------+-------------------------+------------+
; Assignment Name                     ; Value                                 ; Default Value ; Entity Name             ; Section Id ;
+-------------------------------------+---------------------------------------+---------------+-------------------------+------------+
; COMPILER_SIGNATURE_ID               ; 57277345222674.149729996512500        ; --            ; --                      ; --         ;
; IP_TOOL_ENV                         ; mwpim                                 ; --            ; altera_pll_reconfig_top ; --         ;
; IP_TOOL_ENV                         ; mwpim                                 ; --            ; pll                     ; --         ;
; IP_TOOL_ENV                         ; mwpim                                 ; --            ; pll                     ; --         ;
; IP_TOOL_ENV                         ; mwpim                                 ; --            ; pll_0002                ; --         ;
; IP_TOOL_ENV                         ; mwpim                                 ; --            ; pll_reconfig            ; --         ;
; IP_TOOL_ENV                         ; mwpim                                 ; --            ; pll_reconfig            ; --         ;
; IP_TOOL_NAME                        ; altera_pll_reconfig                   ; --            ; altera_pll_reconfig_top ; --         ;
; IP_TOOL_NAME                        ; altera_pll                            ; --            ; pll                     ; --         ;
; IP_TOOL_NAME                        ; altera_pll                            ; --            ; pll                     ; --         ;
; IP_TOOL_NAME                        ; altera_pll                            ; --            ; pll_0002                ; --         ;
; IP_TOOL_NAME                        ; altera_pll_reconfig                   ; --            ; pll_reconfig            ; --         ;
; IP_TOOL_NAME                        ; altera_pll_reconfig                   ; --            ; pll_reconfig            ; --         ;
; IP_TOOL_VERSION                     ; 13.0                                  ; --            ; altera_pll_reconfig_top ; --         ;
; IP_TOOL_VERSION                     ; 13.0                                  ; --            ; pll                     ; --         ;
; IP_TOOL_VERSION                     ; 13.0                                  ; --            ; pll                     ; --         ;
; IP_TOOL_VERSION                     ; 13.0                                  ; --            ; pll_0002                ; --         ;
; IP_TOOL_VERSION                     ; 13.0                                  ; --            ; pll_reconfig            ; --         ;
; IP_TOOL_VERSION                     ; 13.0                                  ; --            ; pll_reconfig            ; --         ;
; MAX_CORE_JUNCTION_TEMP              ; 85                                    ; --            ; --                      ; --         ;
; MIN_CORE_JUNCTION_TEMP              ; 0                                     ; --            ; --                      ; --         ;
; MISC_FILE                           ; pll.cmp                               ; --            ; --                      ; --         ;
; MISC_FILE                           ; pll_sim/pll.vo                        ; --            ; --                      ; --         ;
; MISC_FILE                           ; pll_reconfig.cmp                      ; --            ; --                      ; --         ;
; MISC_FILE                           ; pll_reconfig_sim/pll_reconfig.vo      ; --            ; --                      ; --         ;
; PARTITION_COLOR                     ; 16764057                              ; --            ; --                      ; Top        ;
; PARTITION_COLOR                     ; 16764057                              ; --            ; C5G_Default             ; Top        ;
; PARTITION_FITTER_PRESERVATION_LEVEL ; PLACEMENT_AND_ROUTING                 ; --            ; --                      ; Top        ;
; PARTITION_FITTER_PRESERVATION_LEVEL ; PLACEMENT_AND_ROUTING                 ; --            ; C5G_Default             ; Top        ;
; PARTITION_NETLIST_TYPE              ; SOURCE                                ; --            ; --                      ; Top        ;
; PARTITION_NETLIST_TYPE              ; SOURCE                                ; --            ; C5G_Default             ; Top        ;
; POWER_BOARD_THERMAL_MODEL           ; None (CONSERVATIVE)                   ; --            ; --                      ; --         ;
; POWER_PRESET_COOLING_SOLUTION       ; 23 MM HEAT SINK WITH 200 LFPM AIRFLOW ; --            ; --                      ; --         ;
; PROJECT_OUTPUT_DIRECTORY            ; output_files                          ; --            ; --                      ; --         ;
; SPD_FILE                            ; pll.spd                               ; --            ; --                      ; --         ;
; SPD_FILE                            ; pll_reconfig.spd                      ; --            ; --                      ; --         ;
; SYNTHESIS_ONLY_QIP                  ; On                                    ; --            ; --                      ; --         ;
; SYNTHESIS_ONLY_QIP                  ; On                                    ; --            ; --                      ; --         ;
+-------------------------------------+---------------------------------------+---------------+-------------------------+------------+


+-------------------------------------------------------------------------------------------------------------------------------+
; Flow Elapsed Time                                                                                                             ;
+---------------------------+--------------+-------------------------+---------------------+------------------------------------+
; Module Name               ; Elapsed Time ; Average Processors Used ; Peak Virtual Memory ; Total CPU Time (on all processors) ;
+---------------------------+--------------+-------------------------+---------------------+------------------------------------+
; Analysis & Synthesis      ; 00:00:28     ; 1.0                     ; 533 MB              ; 00:00:27                           ;
; Fitter                    ; 00:01:32     ; 1.0                     ; 1748 MB             ; 00:01:30                           ;
; Assembler                 ; 00:00:10     ; 1.0                     ; 625 MB              ; 00:00:09                           ;
; TimeQuest Timing Analyzer ; 00:00:27     ; 1.0                     ; 1127 MB             ; 00:00:25                           ;
; Total                     ; 00:02:37     ; --                      ; --                  ; 00:02:31                           ;
+---------------------------+--------------+-------------------------+---------------------+------------------------------------+


+----------------------------------------------------------------------------------------+
; Flow OS Summary                                                                        ;
+---------------------------+------------------+-----------+------------+----------------+
; Module Name               ; Machine Hostname ; OS Name   ; OS Version ; Processor type ;
+---------------------------+------------------+-----------+------------+----------------+
; Analysis & Synthesis      ; P858761          ; Windows 7 ; 6.1        ; x86_64         ;
; Fitter                    ; P858761          ; Windows 7 ; 6.1        ; x86_64         ;
; Assembler                 ; P858761          ; Windows 7 ; 6.1        ; x86_64         ;
; TimeQuest Timing Analyzer ; P858761          ; Windows 7 ; 6.1        ; x86_64         ;
+---------------------------+------------------+-----------+------------+----------------+


------------
; Flow Log ;
------------
quartus_map --read_settings_files=on --write_settings_files=off C5G_ChipControl -c C5G_ChipControl
quartus_fit --read_settings_files=off --write_settings_files=off C5G_ChipControl -c C5G_ChipControl
quartus_asm --read_settings_files=off --write_settings_files=off C5G_ChipControl -c C5G_ChipControl
quartus_sta C5G_ChipControl -c C5G_ChipControl



